  Project1.cpp
C:\Program Files\Microsoft Visual Studio\2022\Enterprise\VC\Tools\MSVC\14.37.32822\include\type_traits(2464,55): error C2676: 二进制“<”:“const _Ty”不定义该运算符或到预定义运算符可接收的类型的转换
          with
          [
              _Ty=node
          ]
C:\Program Files\Microsoft Visual Studio\2022\Enterprise\VC\Tools\MSVC\14.37.32822\include\queue(194,17): message : 可能是“bool std::operator <(const std::queue<_Ty,_Container> &,const std::queue<_Ty,_Container> &)”
C:\Program Files\Microsoft Visual Studio\2022\Enterprise\VC\Tools\MSVC\14.37.32822\include\type_traits(2464,49): message : “bool std::operator <(const std::queue<_Ty,_Container> &,const std::queue<_Ty,_Container> &)”: 无法从“const _Ty”推导出“const std::queue<_Ty,_Container> &”的 模板 参数
          with
          [
              _Ty=node
          ]
C:\Program Files\Microsoft Visual Studio\2022\Enterprise\VC\Tools\MSVC\14.37.32822\include\vector(2310,30): message : 或    “bool std::operator <(const std::vector<_Ty,_Alloc> &,const std::vector<_Ty,_Alloc> &)”
C:\Program Files\Microsoft Visual Studio\2022\Enterprise\VC\Tools\MSVC\14.37.32822\include\type_traits(2464,49): message : “bool std::operator <(const std::vector<_Ty,_Alloc> &,const std::vector<_Ty,_Alloc> &)”: 无法从“const _Ty”推导出“const std::vector<_Ty,_Alloc> &”的 模板 参数
          with
          [
              _Ty=node
          ]
C:\Program Files\Microsoft Visual Studio\2022\Enterprise\VC\Tools\MSVC\14.37.32822\include\deque(1725,17): message : 或    “bool std::operator <(const std::deque<_Ty,_Alloc> &,const std::deque<_Ty,_Alloc> &)”
C:\Program Files\Microsoft Visual Studio\2022\Enterprise\VC\Tools\MSVC\14.37.32822\include\type_traits(2464,49): message : “bool std::operator <(const std::deque<_Ty,_Alloc> &,const std::deque<_Ty,_Alloc> &)”: 无法从“const _Ty”推导出“const std::deque<_Ty,_Alloc> &”的 模板 参数
          with
          [
              _Ty=node
          ]
C:\Program Files\Microsoft Visual Studio\2022\Enterprise\VC\Tools\MSVC\14.37.32822\include\memory(3589,30): message : 或    “bool std::operator <(std::nullptr_t,const std::unique_ptr<_Ty,_Dx> &)”
C:\Program Files\Microsoft Visual Studio\2022\Enterprise\VC\Tools\MSVC\14.37.32822\include\type_traits(2464,49): message : “bool std::operator <(std::nullptr_t,const std::unique_ptr<_Ty,_Dx> &)”: 无法从“const _Ty”推导出“const std::unique_ptr<_Ty,_Dx> &”的 模板 参数
          with
          [
              _Ty=node
          ]
C:\Program Files\Microsoft Visual Studio\2022\Enterprise\VC\Tools\MSVC\14.37.32822\include\memory(3583,30): message : 或    “bool std::operator <(const std::unique_ptr<_Ty,_Dx> &,std::nullptr_t)”
C:\Program Files\Microsoft Visual Studio\2022\Enterprise\VC\Tools\MSVC\14.37.32822\include\type_traits(2464,49): message : “bool std::operator <(const std::unique_ptr<_Ty,_Dx> &,std::nullptr_t)”: 无法从“const _Ty”推导出“const std::unique_ptr<_Ty,_Dx> &”的 模板 参数
          with
          [
              _Ty=node
          ]
C:\Program Files\Microsoft Visual Studio\2022\Enterprise\VC\Tools\MSVC\14.37.32822\include\memory(3525,17): message : 或    “bool std::operator <(const std::unique_ptr<_Ty,_Dx> &,const std::unique_ptr<_Ty2,_Dx2> &)”
C:\Program Files\Microsoft Visual Studio\2022\Enterprise\VC\Tools\MSVC\14.37.32822\include\type_traits(2464,49): message : “bool std::operator <(const std::unique_ptr<_Ty,_Dx> &,const std::unique_ptr<_Ty2,_Dx2> &)”: 无法从“const _Ty”推导出“const std::unique_ptr<_Ty,_Dx> &”的 模板 参数
          with
          [
              _Ty=node
          ]
C:\Program Files\Microsoft Visual Studio\2022\Enterprise\VC\Tools\MSVC\14.37.32822\include\memory(1952,17): message : 或    “bool std::operator <(std::nullptr_t,const std::shared_ptr<_Ty> &) noexcept”
C:\Program Files\Microsoft Visual Studio\2022\Enterprise\VC\Tools\MSVC\14.37.32822\include\type_traits(2464,49): message : “bool std::operator <(std::nullptr_t,const std::shared_ptr<_Ty> &) noexcept”: 无法从“const _Ty”推导出“const std::shared_ptr<_Ty> &”的 模板 参数
          with
          [
              _Ty=node
          ]
C:\Program Files\Microsoft Visual Studio\2022\Enterprise\VC\Tools\MSVC\14.37.32822\include\memory(1947,17): message : 或    “bool std::operator <(const std::shared_ptr<_Ty> &,std::nullptr_t) noexcept”
C:\Program Files\Microsoft Visual Studio\2022\Enterprise\VC\Tools\MSVC\14.37.32822\include\type_traits(2464,49): message : “bool std::operator <(const std::shared_ptr<_Ty> &,std::nullptr_t) noexcept”: 无法从“const _Ty”推导出“const std::shared_ptr<_Ty> &”的 模板 参数
          with
          [
              _Ty=node
          ]
C:\Program Files\Microsoft Visual Studio\2022\Enterprise\VC\Tools\MSVC\14.37.32822\include\memory(1900,17): message : 或    “bool std::operator <(const std::shared_ptr<_Ty> &,const std::shared_ptr<_Ty0> &) noexcept”
C:\Program Files\Microsoft Visual Studio\2022\Enterprise\VC\Tools\MSVC\14.37.32822\include\type_traits(2464,49): message : “bool std::operator <(const std::shared_ptr<_Ty> &,const std::shared_ptr<_Ty0> &) noexcept”: 无法从“const _Ty”推导出“const std::shared_ptr<_Ty> &”的 模板 参数
          with
          [
              _Ty=node
          ]
C:\Program Files\Microsoft Visual Studio\2022\Enterprise\VC\Tools\MSVC\14.37.32822\include\xstring(5066,17): message : 或    “bool std::operator <(const std::basic_string<_Elem,_Traits,_Alloc> &,const _Elem *const )”
C:\Program Files\Microsoft Visual Studio\2022\Enterprise\VC\Tools\MSVC\14.37.32822\include\type_traits(2464,49): message : “bool std::operator <(const std::basic_string<_Elem,_Traits,_Alloc> &,const _Elem *const )”: 无法从“const _Ty”推导出“const std::basic_string<_Elem,_Traits,_Alloc> &”的 模板 参数
          with
          [
              _Ty=node
          ]
C:\Program Files\Microsoft Visual Studio\2022\Enterprise\VC\Tools\MSVC\14.37.32822\include\xstring(5061,17): message : 或    “bool std::operator <(const _Elem *const ,const std::basic_string<_Elem,_Traits,_Alloc> &)”
C:\Program Files\Microsoft Visual Studio\2022\Enterprise\VC\Tools\MSVC\14.37.32822\include\type_traits(2464,49): message : “bool std::operator <(const _Elem *const ,const std::basic_string<_Elem,_Traits,_Alloc> &)”: 无法从“const _Ty”推导出“const _Elem *const ”的 模板 参数
          with
          [
              _Ty=node
          ]
C:\Program Files\Microsoft Visual Studio\2022\Enterprise\VC\Tools\MSVC\14.37.32822\include\xstring(5055,17): message : 或    “bool std::operator <(const std::basic_string<_Elem,_Traits,_Alloc> &,const std::basic_string<_Elem,_Traits,_Alloc> &) noexcept”
C:\Program Files\Microsoft Visual Studio\2022\Enterprise\VC\Tools\MSVC\14.37.32822\include\type_traits(2464,49): message : “bool std::operator <(const std::basic_string<_Elem,_Traits,_Alloc> &,const std::basic_string<_Elem,_Traits,_Alloc> &) noexcept”: 无法从“const _Ty”推导出“const std::basic_string<_Elem,_Traits,_Alloc> &”的 模板 参数
          with
          [
              _Ty=node
          ]
C:\Program Files\Microsoft Visual Studio\2022\Enterprise\VC\Tools\MSVC\14.37.32822\include\xutility(4287,5): message : 或    “bool std::operator <(const std::move_iterator<_Iter> &,const std::move_iterator<_Iter2> &) noexcept(<expr>)”
C:\Program Files\Microsoft Visual Studio\2022\Enterprise\VC\Tools\MSVC\14.37.32822\include\type_traits(2464,49): message : “bool std::operator <(const std::move_iterator<_Iter> &,const std::move_iterator<_Iter2> &) noexcept(<expr>)”: 无法从“const _Ty”推导出“const std::move_iterator<_Iter> &”的 模板 参数
          with
          [
              _Ty=node
          ]
C:\Program Files\Microsoft Visual Studio\2022\Enterprise\VC\Tools\MSVC\14.37.32822\include\xutility(1686,5): message : 或    “bool std::operator <(const std::reverse_iterator<_BidIt> &,const std::reverse_iterator<_BidIt2> &) noexcept(<expr>)”
C:\Program Files\Microsoft Visual Studio\2022\Enterprise\VC\Tools\MSVC\14.37.32822\include\type_traits(2464,49): message : “bool std::operator <(const std::reverse_iterator<_BidIt> &,const std::reverse_iterator<_BidIt2> &) noexcept(<expr>)”: 无法从“const _Ty”推导出“const std::reverse_iterator<_BidIt> &”的 模板 参数
          with
          [
              _Ty=node
          ]
C:\Program Files\Microsoft Visual Studio\2022\Enterprise\VC\Tools\MSVC\14.37.32822\include\utility(505,27): message : 或    “bool std::operator <(const std::pair<_Ty1,_Ty2> &,const std::pair<_Uty1,_Uty2> &)”
C:\Program Files\Microsoft Visual Studio\2022\Enterprise\VC\Tools\MSVC\14.37.32822\include\type_traits(2464,49): message : “bool std::operator <(const std::pair<_Ty1,_Ty2> &,const std::pair<_Uty1,_Uty2> &)”: 无法从“const _Ty”推导出“const std::pair<_Ty1,_Ty2> &”的 模板 参数
          with
          [
              _Ty=node
          ]
C:\Program Files\Microsoft Visual Studio\2022\Enterprise\VC\Tools\MSVC\14.37.32822\include\algorithm(6348,14): message : 查看对正在编译的函数 模板 实例化“void std::_Push_heap_by_index<node*,node,_Fn>(_RanIt,__int64,__int64,_Ty &&,_Pr)”的引用
          with
          [
              _Fn=std::less<node>,
              _RanIt=node *,
              _Ty=node,
              _Pr=std::less<node>
          ]
C:\Program Files\Microsoft Visual Studio\2022\Enterprise\VC\Tools\MSVC\14.37.32822\include\queue(375,14): message : 查看对正在编译的函数 模板 实例化“void std::push_heap<std::_Vector_iterator<std::_Vector_val<std::_Simple_types<_Ty>>>,_Pr>(_RanIt,_RanIt,_Pr)”的引用
          with
          [
              _Ty=node,
              _Pr=std::less<node>,
              _RanIt=std::_Vector_iterator<std::_Vector_val<std::_Simple_types<node>>>
          ]
C:\Program Files\Microsoft Visual Studio\2022\Enterprise\VC\Tools\MSVC\14.37.32822\include\queue(373,10): message : 在编译 类 模板 成员函数“void std::priority_queue<node,std::vector<node,std::allocator<node>>,std::less<node>>::push(const node &)”时
D:\Code\C++\Project1\Project1.cpp(156,10): message : 请参阅 "main" 中对 "std::priority_queue<node,std::vector<node,std::allocator<node>>,std::less<node>>::push" 的第一个引用
D:\Code\C++\Project1\Project1.cpp(127,49): message : 查看对正在编译的 类 模板 实例化“std::priority_queue<node,std::vector<node,std::allocator<node>>,std::less<node>>”的引用
